  [4;36;1mSCHEMA (0.3ms)[0m   [0;1mSHOW TABLES [0m
  [4;35;1mSQL (220.6ms)[0m   [0mCREATE TABLE `schema_migrations` (`version` varchar(255) NOT NULL) ENGINE=InnoDB[0m
  [4;36;1mSQL (0.4ms)[0m   [0;1mSHOW KEYS FROM `schema_migrations`[0m
  [4;35;1mSQL (222.9ms)[0m   [0mCREATE UNIQUE INDEX `unique_schema_migrations` ON `schema_migrations` (`version`)[0m
  [4;36;1mSCHEMA (0.4ms)[0m   [0;1mSHOW TABLES [0m
  [4;35;1mSQL (0.2ms)[0m   [0mSELECT version FROM schema_migrations[0m
Migrating to CreateUsers (20140920065943)
  [4;36;1mSQL (173.6ms)[0m   [0;1mCREATE TABLE `users` (`id` int(11) DEFAULT NULL auto_increment PRIMARY KEY, `name` varchar(255), `email` varchar(255), `gender` varchar(255), `created_at` datetime, `updated_at` datetime) ENGINE=InnoDB[0m
  [4;35;1mSQL (0.7ms)[0m   [0mINSERT INTO schema_migrations (version) VALUES ('20140920065943')[0m
Migrating to CreateBookings (20140920091039)
  [4;36;1mSQL (197.3ms)[0m   [0;1mCREATE TABLE `bookings` (`id` int(11) DEFAULT NULL auto_increment PRIMARY KEY, `seats_remaining` int(11), `pickup_datetime` datetime, `created_at` datetime, `updated_at` datetime) ENGINE=InnoDB[0m
  [4;35;1mSQL (0.5ms)[0m   [0mINSERT INTO schema_migrations (version) VALUES ('20140920091039')[0m
Migrating to CreateUserBookings (20140920092805)
  [4;36;1mSQL (175.3ms)[0m   [0;1mCREATE TABLE `user_bookings` (`id` int(11) DEFAULT NULL auto_increment PRIMARY KEY, `created_at` datetime, `updated_at` datetime) ENGINE=InnoDB[0m
  [4;35;1mSQL (0.6ms)[0m   [0mINSERT INTO schema_migrations (version) VALUES ('20140920092805')[0m
  [4;36;1mSCHEMA (0.5ms)[0m   [0;1mSHOW TABLES [0m
  [4;35;1mSQL (0.3ms)[0m   [0mSELECT version FROM schema_migrations[0m
  [4;36;1mSCHEMA (0.4ms)[0m   [0;1mSHOW TABLES [0m
  [4;35;1mSQL (1.4ms)[0m   [0mdescribe `bookings`[0m
  [4;36;1mSQL (0.3ms)[0m   [0;1mSHOW KEYS FROM `bookings`[0m
  [4;35;1mSQL (1.1ms)[0m   [0mdescribe `user_bookings`[0m
  [4;36;1mSQL (0.3ms)[0m   [0;1mSHOW KEYS FROM `user_bookings`[0m
  [4;35;1mSQL (1.3ms)[0m   [0mdescribe `users`[0m
  [4;36;1mSQL (0.2ms)[0m   [0;1mSHOW KEYS FROM `users`[0m
  [4;36;1mUser Load (0.4ms)[0m   [0;1mSELECT * FROM `users` LIMIT 1[0m
  [4;35;1mSQL (0.2ms)[0m   [0mBEGIN[0m
  [4;36;1mUser Create (0.4ms)[0m   [0;1mINSERT INTO `users` (`name`, `email`, `gender`, `created_at`, `updated_at`) VALUES('srini', 'hello', 'male', '2014-09-20 09:33:35', '2014-09-20 09:33:35')[0m
  [4;35;1mSQL (0.4ms)[0m   [0mCOMMIT[0m
  [4;36;1mUser Load (0.3ms)[0m   [0;1mSELECT * FROM `users` LIMIT 1[0m
  [4;36;1mUser Load (0.3ms)[0m   [0;1mSELECT * FROM `users` LIMIT 1[0m
  [4;36;1mSCHEMA (0.3ms)[0m   [0;1mSHOW TABLES [0m
  [4;35;1mSQL (0.2ms)[0m   [0mSELECT version FROM schema_migrations[0m
Migrating to CreateUsers (20140920065943)
  [4;36;1mSQL (0.0ms)[0m   [0;1mMysql2::Error: Table 'users' already exists: CREATE TABLE `users` (`id` int(11) DEFAULT NULL auto_increment PRIMARY KEY, `name` varchar(255), `email` varchar(255), `gender` varchar(255), `created_at` datetime, `updated_at` datetime) ENGINE=InnoDB[0m
  [4;36;1mSCHEMA (0.5ms)[0m   [0;1mSHOW TABLES [0m
  [4;35;1mSQL (0.2ms)[0m   [0mSELECT version FROM schema_migrations[0m
Migrating to CreateUsers (20140920065943)
  [4;36;1mSQL (0.0ms)[0m   [0;1mMysql2::Error: Table 'users' already exists: CREATE TABLE `users` (`id` int(11) DEFAULT NULL auto_increment PRIMARY KEY, `name` varchar(255), `email` varchar(255), `gender` varchar(255), `created_at` datetime, `updated_at` datetime) ENGINE=InnoDB[0m
  [4;36;1mSCHEMA (0.3ms)[0m   [0;1mSHOW TABLES [0m
  [4;35;1mSQL (126.6ms)[0m   [0mCREATE TABLE `schema_migrations` (`version` varchar(255) NOT NULL) ENGINE=InnoDB[0m
  [4;36;1mSQL (0.4ms)[0m   [0;1mSHOW KEYS FROM `schema_migrations`[0m
  [4;35;1mSQL (235.3ms)[0m   [0mCREATE UNIQUE INDEX `unique_schema_migrations` ON `schema_migrations` (`version`)[0m
  [4;36;1mSCHEMA (0.3ms)[0m   [0;1mSHOW TABLES [0m
  [4;35;1mSQL (0.2ms)[0m   [0mSELECT version FROM schema_migrations[0m
Migrating to CreateUsers (20140920065943)
  [4;36;1mSQL (172.7ms)[0m   [0;1mCREATE TABLE `users` (`id` int(11) DEFAULT NULL auto_increment PRIMARY KEY, `name` varchar(255), `email` varchar(255), `gender` varchar(255), `created_at` datetime, `updated_at` datetime) ENGINE=InnoDB[0m
  [4;35;1mSQL (0.6ms)[0m   [0mINSERT INTO schema_migrations (version) VALUES ('20140920065943')[0m
Migrating to CreateBookings (20140920091039)
  [4;36;1mSQL (197.3ms)[0m   [0;1mCREATE TABLE `bookings` (`id` int(11) DEFAULT NULL auto_increment PRIMARY KEY, `from` float, `to` float, `seats_remaining` int(11), `pickup_datetime` datetime, `created_at` datetime, `updated_at` datetime) ENGINE=InnoDB[0m
  [4;35;1mSQL (0.6ms)[0m   [0mINSERT INTO schema_migrations (version) VALUES ('20140920091039')[0m
Migrating to CreateUserBookings (20140920092805)
  [4;36;1mSQL (186.8ms)[0m   [0;1mCREATE TABLE `user_bookings` (`id` int(11) DEFAULT NULL auto_increment PRIMARY KEY, `created_at` datetime, `updated_at` datetime) ENGINE=InnoDB[0m
  [4;35;1mSQL (0.6ms)[0m   [0mINSERT INTO schema_migrations (version) VALUES ('20140920092805')[0m
  [4;36;1mSCHEMA (0.5ms)[0m   [0;1mSHOW TABLES [0m
  [4;35;1mSQL (0.2ms)[0m   [0mSELECT version FROM schema_migrations[0m
  [4;36;1mSCHEMA (0.2ms)[0m   [0;1mSHOW TABLES [0m
  [4;35;1mSQL (1.2ms)[0m   [0mdescribe `bookings`[0m
  [4;36;1mSQL (0.2ms)[0m   [0;1mSHOW KEYS FROM `bookings`[0m
  [4;35;1mSQL (0.9ms)[0m   [0mdescribe `user_bookings`[0m
  [4;36;1mSQL (0.2ms)[0m   [0;1mSHOW KEYS FROM `user_bookings`[0m
  [4;35;1mSQL (1.0ms)[0m   [0mdescribe `users`[0m
  [4;36;1mSQL (0.3ms)[0m   [0;1mSHOW KEYS FROM `users`[0m
  [4;35;1mSQL (0.2ms)[0m   [0mBEGIN[0m
  [4;36;1mUser Create (0.4ms)[0m   [0;1mINSERT INTO `users` (`name`, `email`, `gender`, `created_at`, `updated_at`) VALUES('srini', 'hello', 'male', '2014-09-20 09:39:56', '2014-09-20 09:39:56')[0m
  [4;35;1mSQL (0.5ms)[0m   [0mCOMMIT[0m
  [4;36;1mSQL (0.2ms)[0m   [0;1mBEGIN[0m
  [4;35;1mBooking Create (0.4ms)[0m   [0mINSERT INTO `bookings` (`from`, `to`, `seats_remaining`, `pickup_datetime`, `created_at`, `updated_at`) VALUES(1.2, 1.3, 3, '2014-09-20 09:42:25', '2014-09-20 09:42:25', '2014-09-20 09:42:25')[0m
  [4;36;1mSQL (0.6ms)[0m   [0;1mCOMMIT[0m
  [4;36;1mSCHEMA (0.3ms)[0m   [0;1mSHOW TABLES [0m
  [4;35;1mSQL (157.8ms)[0m   [0mCREATE TABLE `schema_migrations` (`version` varchar(255) NOT NULL) ENGINE=InnoDB[0m
  [4;36;1mSQL (0.4ms)[0m   [0;1mSHOW KEYS FROM `schema_migrations`[0m
  [4;35;1mSQL (263.4ms)[0m   [0mCREATE UNIQUE INDEX `unique_schema_migrations` ON `schema_migrations` (`version`)[0m
  [4;36;1mSCHEMA (0.3ms)[0m   [0;1mSHOW TABLES [0m
  [4;35;1mSQL (0.2ms)[0m   [0mSELECT version FROM schema_migrations[0m
Migrating to CreateUsers (20140920065943)
  [4;36;1mSQL (161.8ms)[0m   [0;1mCREATE TABLE `users` (`id` int(11) DEFAULT NULL auto_increment PRIMARY KEY, `name` varchar(255), `email` varchar(255), `gender` varchar(255), `created_at` datetime, `updated_at` datetime) ENGINE=InnoDB[0m
  [4;35;1mSQL (0.6ms)[0m   [0mINSERT INTO schema_migrations (version) VALUES ('20140920065943')[0m
Migrating to CreateBookings (20140920091039)
  [4;36;1mSQL (186.1ms)[0m   [0;1mCREATE TABLE `bookings` (`id` int(11) DEFAULT NULL auto_increment PRIMARY KEY, `from` float, `to` float, `seats_remaining` int(11), `pickup_datetime` datetime, `created_at` datetime, `updated_at` datetime) ENGINE=InnoDB[0m
  [4;35;1mSQL (0.6ms)[0m   [0mINSERT INTO schema_migrations (version) VALUES ('20140920091039')[0m
Migrating to CreateUserBookings (20140920092805)
  [4;36;1mSQL (197.8ms)[0m   [0;1mCREATE TABLE `user_bookings` (`id` int(11) DEFAULT NULL auto_increment PRIMARY KEY, `booking_id` int(11), `user_id` int(11), `no_ppl` int(11), `created_at` datetime, `updated_at` datetime) ENGINE=InnoDB[0m
  [4;35;1mSQL (0.6ms)[0m   [0mINSERT INTO schema_migrations (version) VALUES ('20140920092805')[0m
  [4;36;1mSCHEMA (0.4ms)[0m   [0;1mSHOW TABLES [0m
  [4;35;1mSQL (0.4ms)[0m   [0mSELECT version FROM schema_migrations[0m
  [4;36;1mSCHEMA (0.4ms)[0m   [0;1mSHOW TABLES [0m
  [4;35;1mSQL (1.2ms)[0m   [0mdescribe `bookings`[0m
  [4;36;1mSQL (0.2ms)[0m   [0;1mSHOW KEYS FROM `bookings`[0m
  [4;35;1mSQL (1.0ms)[0m   [0mdescribe `user_bookings`[0m
  [4;36;1mSQL (0.2ms)[0m   [0;1mSHOW KEYS FROM `user_bookings`[0m
  [4;35;1mSQL (1.2ms)[0m   [0mdescribe `users`[0m
  [4;36;1mSQL (0.3ms)[0m   [0;1mSHOW KEYS FROM `users`[0m
  [4;36;1mSQL (0.2ms)[0m   [0;1mBEGIN[0m
  [4;35;1mUser Create (0.4ms)[0m   [0mINSERT INTO `users` (`name`, `email`, `gender`, `created_at`, `updated_at`) VALUES('srini', 'hello', 'male', '2014-09-20 09:44:55', '2014-09-20 09:44:55')[0m
  [4;36;1mSQL (0.5ms)[0m   [0;1mCOMMIT[0m
  [4;35;1mSQL (0.3ms)[0m   [0mBEGIN[0m
  [4;36;1mBooking Create (0.5ms)[0m   [0;1mINSERT INTO `bookings` (`from`, `to`, `seats_remaining`, `pickup_datetime`, `created_at`, `updated_at`) VALUES(1.2, 1.3, 3, '2014-09-20 09:45:12', '2014-09-20 09:45:12', '2014-09-20 09:45:12')[0m
  [4;35;1mSQL (0.4ms)[0m   [0mCOMMIT[0m
  [4;36;1mUser Load (0.5ms)[0m   [0;1mSELECT * FROM `users` WHERE (`users`.`id` = 1) [0m
  [4;35;1mBooking Load (0.4ms)[0m   [0mSELECT * FROM `bookings` LIMIT 1[0m
  [4;36;1mUser Load (0.3ms)[0m   [0;1mSELECT * FROM `users` LIMIT 1[0m
  [4;36;1mUser Load (0.2ms)[0m   [0;1mSELECT * FROM `users` LIMIT 1[0m
  [4;35;1mUser Load (0.4ms)[0m   [0mSELECT * FROM `users` LIMIT 1[0m
  [4;36;1mSQL (0.2ms)[0m   [0;1mBEGIN[0m
  [4;35;1mUser Create (0.4ms)[0m   [0mINSERT INTO `users` (`name`, `email`, `gender`, `created_at`, `updated_at`) VALUES('srini', 'hello', 'male', '2014-09-20 09:55:07', '2014-09-20 09:55:07')[0m
  [4;36;1mSQL (0.5ms)[0m   [0;1mCOMMIT[0m
  [4;35;1mUserBooking Load (0.4ms)[0m   [0mSELECT * FROM `user_bookings` WHERE (`user_bookings`.user_id = 1) [0m
  [4;36;1mUser Load (0.3ms)[0m   [0;1mSELECT * FROM `users` LIMIT 1[0m
  [4;35;1mSQL (0.2ms)[0m   [0mBEGIN[0m
  [4;36;1mBooking Create (0.3ms)[0m   [0;1mINSERT INTO `bookings` (`from`, `to`, `seats_remaining`, `pickup_datetime`, `created_at`, `updated_at`) VALUES(1.2, 1.3, 3, '2014-09-20 09:56:39', '2014-09-20 09:56:39', '2014-09-20 09:56:39')[0m
  [4;35;1mSQL (0.4ms)[0m   [0mCOMMIT[0m
  [4;36;1mBooking Load (0.5ms)[0m   [0;1mSELECT `bookings`.* FROM `bookings` INNER JOIN `user_bookings` ON `bookings`.id = `user_bookings`.booking_id WHERE ((`user_bookings`.user_id = 1)) [0m
  [4;35;1mUserBooking Load (0.4ms)[0m   [0mSELECT * FROM `user_bookings` WHERE (`user_bookings`.user_id = 1) [0m
  [4;36;1mSQL (0.2ms)[0m   [0;1mBEGIN[0m
  [4;35;1mBooking Create (0.3ms)[0m   [0mINSERT INTO `bookings` (`from`, `to`, `seats_remaining`, `pickup_datetime`, `created_at`, `updated_at`) VALUES(1.2, 1.3, 3, '2014-09-20 09:57:51', '2014-09-20 09:57:51', '2014-09-20 09:57:51')[0m
  [4;36;1mSQL (0.8ms)[0m   [0;1mCOMMIT[0m
  [4;35;1mSQL (0.2ms)[0m   [0mBEGIN[0m
  [4;36;1mBooking Create (0.3ms)[0m   [0;1mINSERT INTO `bookings` (`from`, `to`, `seats_remaining`, `pickup_datetime`, `created_at`, `updated_at`) VALUES(1.2, 1.3, 3, '2014-09-20 09:59:08', '2014-09-20 09:59:08', '2014-09-20 09:59:08')[0m
  [4;35;1mUserBooking Create (0.3ms)[0m   [0mINSERT INTO `user_bookings` (`booking_id`, `user_id`, `no_ppl`, `created_at`, `updated_at`) VALUES(3, 1, NULL, '2014-09-20 09:59:08', '2014-09-20 09:59:08')[0m
  [4;36;1mSQL (0.8ms)[0m   [0;1mCOMMIT[0m
  [4;35;1mSQL (0.1ms)[0m   [0mBEGIN[0m
  [4;36;1mSQL (0.1ms)[0m   [0;1mCOMMIT[0m
  [4;35;1mSQL (0.2ms)[0m   [0mBEGIN[0m
  [4;36;1mSQL (0.1ms)[0m   [0;1mROLLBACK[0m
  [4;35;1mSQL (0.2ms)[0m   [0mBEGIN[0m
  [4;36;1mSQL (0.1ms)[0m   [0;1mROLLBACK[0m
  [4;36;1mUser Load (0.3ms)[0m   [0;1mSELECT * FROM `users` LIMIT 1[0m
  [4;35;1mSQL (0.2ms)[0m   [0mBEGIN[0m
  [4;36;1mSQL (0.3ms)[0m   [0;1mROLLBACK[0m
  [4;36;1mUser Load (0.3ms)[0m   [0;1mSELECT * FROM `users` LIMIT 1[0m
  [4;35;1mSQL (0.2ms)[0m   [0mBEGIN[0m
  [4;36;1mSQL (0.2ms)[0m   [0;1mROLLBACK[0m
  [4;36;1mUser Load (0.3ms)[0m   [0;1mSELECT * FROM `users` LIMIT 1[0m
  [4;35;1mSQL (0.2ms)[0m   [0mBEGIN[0m
  [4;36;1mSQL (0.2ms)[0m   [0;1mROLLBACK[0m
  [4;36;1mUser Load (0.4ms)[0m   [0;1mSELECT * FROM `users` LIMIT 1[0m
  [4;35;1mSQL (0.3ms)[0m   [0mBEGIN[0m
  [4;36;1mSQL (0.2ms)[0m   [0;1mROLLBACK[0m
  [4;35;1mSQL (0.2ms)[0m   [0mBEGIN[0m
  [4;36;1mSQL (0.1ms)[0m   [0;1mROLLBACK[0m
  [4;35;1mSQL (0.3ms)[0m   [0mBEGIN[0m
  [4;36;1mSQL (0.2ms)[0m   [0;1mROLLBACK[0m
  [4;36;1mUser Load (0.4ms)[0m   [0;1mSELECT * FROM `users` LIMIT 1[0m
  [4;35;1mSQL (0.2ms)[0m   [0mBEGIN[0m
  [4;36;1mBooking Create (0.5ms)[0m   [0;1mINSERT INTO `bookings` (`from`, `to`, `seats_remaining`, `pickup_datetime`, `created_at`, `updated_at`) VALUES(1.2, 1.3, 3, '2014-09-20 10:08:55', '2014-09-20 10:08:55', '2014-09-20 10:08:55')[0m
  [4;35;1mUserBooking Create (0.3ms)[0m   [0mINSERT INTO `user_bookings` (`booking_id`, `user_id`, `no_ppl`, `created_at`, `updated_at`) VALUES(4, 1, NULL, '2014-09-20 10:08:55', '2014-09-20 10:08:55')[0m
  [4;36;1mSQL (0.4ms)[0m   [0;1mCOMMIT[0m
  [4;35;1mBooking Load (0.5ms)[0m   [0mSELECT `bookings`.* FROM `bookings` INNER JOIN `user_bookings` ON `bookings`.id = `user_bookings`.booking_id WHERE ((`user_bookings`.user_id = 1)) [0m
  [4;36;1mBooking Load (0.4ms)[0m   [0;1mSELECT * FROM `bookings` LIMIT 1[0m
  [4;35;1mUser Load (0.5ms)[0m   [0mSELECT `users`.* FROM `users` INNER JOIN `user_bookings` ON `users`.id = `user_bookings`.user_id WHERE ((`user_bookings`.booking_id = 1)) [0m
  [4;36;1mBooking Load (0.4ms)[0m   [0;1mSELECT * FROM `bookings` WHERE (`bookings`.`id` = 3) [0m
  [4;35;1mUser Load (0.5ms)[0m   [0mSELECT `users`.* FROM `users` INNER JOIN `user_bookings` ON `users`.id = `user_bookings`.user_id WHERE ((`user_bookings`.booking_id = 3)) [0m
  [4;36;1mUser Load (0.3ms)[0m   [0;1mSELECT * FROM `users` LIMIT 1[0m
  [4;35;1mSQL (0.2ms)[0m   [0mBEGIN[0m
  [4;36;1mSQL (0.3ms)[0m   [0;1mROLLBACK[0m
  [4;36;1mUser Load (0.3ms)[0m   [0;1mSELECT * FROM `users` LIMIT 1[0m
  [4;35;1mSQL (0.3ms)[0m   [0mBEGIN[0m
  [4;36;1mSQL (0.2ms)[0m   [0;1mROLLBACK[0m
  [4;36;1mUser Load (0.3ms)[0m   [0;1mSELECT * FROM `users` LIMIT 1[0m
  [4;35;1mSQL (0.2ms)[0m   [0mBEGIN[0m
  [4;36;1mSQL (0.2ms)[0m   [0;1mROLLBACK[0m
  [4;35;1mSQL (0.2ms)[0m   [0mBEGIN[0m
  [4;36;1mSQL (0.1ms)[0m   [0;1mROLLBACK[0m
  [4;35;1mSQL (0.3ms)[0m   [0mBEGIN[0m
  [4;36;1mSQL (0.1ms)[0m   [0;1mROLLBACK[0m
  [4;35;1mSQL (0.2ms)[0m   [0mBEGIN[0m
  [4;36;1mSQL (0.1ms)[0m   [0;1mROLLBACK[0m
  [4;35;1mSQL (0.2ms)[0m   [0mBEGIN[0m
  [4;36;1mSQL (0.1ms)[0m   [0;1mROLLBACK[0m
  [4;36;1mUser Load (0.3ms)[0m   [0;1mSELECT * FROM `users` LIMIT 1[0m
  [4;35;1mSQL (0.2ms)[0m   [0mBEGIN[0m
  [4;36;1mSQL (0.2ms)[0m   [0;1mROLLBACK[0m
  [4;35;1mSQL (0.3ms)[0m   [0mBEGIN[0m
  [4;36;1mSQL (0.2ms)[0m   [0;1mROLLBACK[0m
  [4;35;1mSQL (0.3ms)[0m   [0mBEGIN[0m
  [4;36;1mSQL (0.2ms)[0m   [0;1mROLLBACK[0m
  [4;36;1mUser Load (0.3ms)[0m   [0;1mSELECT * FROM `users` LIMIT 1[0m
  [4;35;1mSQL (0.2ms)[0m   [0mBEGIN[0m
  [4;36;1mSQL (0.2ms)[0m   [0;1mROLLBACK[0m
  [4;35;1mSQL (0.2ms)[0m   [0mBEGIN[0m
  [4;36;1mSQL (0.1ms)[0m   [0;1mROLLBACK[0m
  [4;35;1mSQL (0.3ms)[0m   [0mBEGIN[0m
  [4;36;1mSQL (0.2ms)[0m   [0;1mROLLBACK[0m
